<?xml version="1.0" encoding="UTF-8"?>
<!-- Generated by org.testng.reporters.JUnitReportReporter -->
<testsuite hostname="DESKTOP-CDEN5DR" failures="0" tests="1" name="testCases.TC01_TestLoginPage$verify_TestLogin" time="2.934" errors="0" timestamp="2025-07-13T23:38:37 IST" skipped="0">
  <testcase classname="testCases.TC01_TestLoginPage$verify_TestLogin" name="verify_AccountReg" time="2.934"/>
</testsuite> <!-- testCases.TC01_TestLoginPage$verify_TestLogin -->
