<?xml version="1.0" encoding="UTF-8"?>
<!-- Generated by org.testng.reporters.JUnitReportReporter -->
<testsuite hostname="DESKTOP-CDEN5DR" failures="0" tests="1" name="testCases.TC_03TestLoginInvalidCred$TC_03TestLoginInValidCred" time="1.865" errors="0" timestamp="2025-07-15T02:00:53 IST" skipped="0">
  <testcase classname="testCases.TC_03TestLoginInvalidCred$TC_03TestLoginInValidCred" name="testlogin" time="1.865"/>
</testsuite> <!-- testCases.TC_03TestLoginInvalidCred$TC_03TestLoginInValidCred -->
