<?xml version="1.0" encoding="UTF-8"?>
<!-- Generated by org.testng.reporters.JUnitReportReporter -->
<testsuite hostname="DESKTOP-CDEN5DR" failures="0" tests="1" name="testCases.TC_02TestLoginValidCredentials" time="1.063" errors="0" timestamp="2025-07-15T01:47:06 IST" skipped="0">
  <testcase classname="testCases.TC_02TestLoginValidCredentials" name="testlogin" time="1.063"/>
</testsuite> <!-- testCases.TC_02TestLoginValidCredentials -->
