<?xml version="1.0" encoding="UTF-8"?>
<!-- Generated by org.testng.reporters.JUnitReportReporter -->
<testsuite hostname="DESKTOP-CDEN5DR" failures="0" tests="1" name="testCases.SearchFunction" time="18.418" errors="0" timestamp="2025-07-15T02:38:07 IST" skipped="0">
  <testcase classname="testCases.SearchFunction" name="testlogin" time="18.418"/>
</testsuite> <!-- testCases.SearchFunction -->
