<?xml version="1.0" encoding="UTF-8"?>
<!-- Generated by org.testng.reporters.JUnitReportReporter -->
<testsuite hostname="DESKTOP-CDEN5DR" failures="0" tests="1" name="testCases.TC_03SearchFuntion" time="0.007" errors="0" timestamp="2025-07-26T16:27:28 IST" skipped="0">
  <testcase classname="testCases.TC_03SearchFuntion" name="testsearch" time="0.007"/>
</testsuite> <!-- testCases.TC_03SearchFuntion -->
