<?xml version="1.0" encoding="UTF-8"?>
<!-- Generated by org.testng.reporters.JUnitReportReporter -->
<testsuite hostname="DESKTOP-CDEN5DR" failures="0" tests="1" name="testCases.TC01_AccountReg" time="5.509" errors="0" timestamp="2025-07-13T17:55:05 IST" skipped="0">
  <testcase classname="testCases.TC01_AccountReg" name="verify_AccountReg" time="5.509"/>
</testsuite> <!-- testCases.TC01_AccountReg -->
