<?xml version="1.0" encoding="UTF-8"?>
<!-- Generated by org.testng.reporters.JUnitReportReporter -->
<testsuite hostname="DESKTOP-CDEN5DR" failures="0" tests="1" name="testCases.TC01_AcccountReg" time="0.933" errors="0" timestamp="2025-07-13T17:01:02 IST" skipped="0">
  <testcase classname="testCases.TC01_AcccountReg" name="verify_AccountReg" time="0.933"/>
</testsuite> <!-- testCases.TC01_AcccountReg -->
