<?xml version="1.0" encoding="UTF-8"?>
<!-- Generated by org.testng.reporters.JUnitReportReporter -->
<testsuite hostname="DESKTOP-CDEN5DR" failures="0" tests="1" name="testCases.TC02_AccountRegistration" time="8.165" errors="0" timestamp="2025-07-13T17:23:32 IST" skipped="0">
  <testcase classname="testCases.TC02_AccountRegistration" name="verify_AccountRegistration" time="8.165"/>
</testsuite> <!-- testCases.TC02_AccountRegistration -->
