<?xml version="1.0" encoding="UTF-8"?>
<!-- Generated by org.testng.reporters.JUnitReportReporter -->
<testsuite hostname="DESKTOP-CDEN5DR" failures="0" tests="1" name="testCases.TC_02TestLogin" time="0.005" errors="0" timestamp="2025-07-26T16:27:28 IST" skipped="0">
  <testcase classname="testCases.TC_02TestLogin" name="testlogin" time="0.005"/>
</testsuite> <!-- testCases.TC_02TestLogin -->
