<?xml version="1.0" encoding="UTF-8"?>
<!-- Generated by org.testng.reporters.JUnitReportReporter -->
<testsuite hostname="DESKTOP-CDEN5DR" failures="0" tests="1" name="testCases.TC_05Logout" time="1.066" errors="0" timestamp="2025-07-18T11:35:53 IST" skipped="0">
  <testcase classname="testCases.TC_05Logout" name="testLogout" time="1.066"/>
</testsuite> <!-- testCases.TC_05Logout -->
