<?xml version="1.0" encoding="UTF-8"?>
<!-- Generated by org.testng.reporters.JUnitReportReporter -->
<testsuite hostname="DESKTOP-CDEN5DR" failures="0" tests="1" name="testCases.TC_05CreateNewRecipe" time="6.373" errors="0" timestamp="2025-07-19T23:41:06 IST" skipped="0">
  <testcase classname="testCases.TC_05CreateNewRecipe" name="testnewpost" time="6.373"/>
</testsuite> <!-- testCases.TC_05CreateNewRecipe -->
