<?xml version="1.0" encoding="UTF-8"?>
<!-- Generated by org.testng.reporters.JUnitReportReporter -->
<testsuite hostname="DESKTOP-CDEN5DR" failures="0" tests="1" name="testCases.TC01AcccountReg" time="2.034" errors="0" timestamp="2025-07-13T16:47:28 IST" skipped="0">
  <testcase classname="testCases.TC01AcccountReg" name="verify_AccountReg" time="2.034"/>
</testsuite> <!-- testCases.TC01AcccountReg -->
